0 info it worked if it ends with ok
1 verbose cli [ 'C:\\Program Files\\nodejs\\\\node.exe',
1 verbose cli   'C:\\Program Files\\nodejs\\node_modules\\npm\\bin\\npm-cli.js',
1 verbose cli   'publish' ]
2 info using npm@1.4.28
3 info using node@v0.10.33
4 verbose node symlink C:\Program Files\nodejs\\node.exe
5 verbose publish [ '.' ]
6 verbose cache add [ '.', null ]
7 verbose cache add name=undefined spec="." args=[".",null]
8 verbose parsed url { protocol: null,
8 verbose parsed url   slashes: null,
8 verbose parsed url   auth: null,
8 verbose parsed url   host: null,
8 verbose parsed url   port: null,
8 verbose parsed url   hostname: null,
8 verbose parsed url   hash: null,
8 verbose parsed url   search: null,
8 verbose parsed url   query: null,
8 verbose parsed url   pathname: '.',
8 verbose parsed url   path: '.',
8 verbose parsed url   href: '.' }
9 silly lockFile 3a52ce78- .
10 verbose lock . C:\Users\Administrator\AppData\Roaming\npm-cache\3a52ce78-.lock
11 verbose tar pack [ 'C:\\Users\\Administrator\\AppData\\Roaming\\npm-cache\\f2a_print\\1.0.3\\package.tgz',
11 verbose tar pack   '.' ]
12 verbose tarball C:\Users\Administrator\AppData\Roaming\npm-cache\f2a_print\1.0.3\package.tgz
13 verbose folder .
14 info prepublish f2a_print@1.0.3
15 silly lockFile 1f1177db-tar tar://.
16 verbose lock tar://. C:\Users\Administrator\AppData\Roaming\npm-cache\1f1177db-tar.lock
17 silly lockFile 2bf36718-ache-f2a-print-1-0-3-package-tgz tar://C:\Users\Administrator\AppData\Roaming\npm-cache\f2a_print\1.0.3\package.tgz
18 verbose lock tar://C:\Users\Administrator\AppData\Roaming\npm-cache\f2a_print\1.0.3\package.tgz C:\Users\Administrator\AppData\Roaming\npm-cache\2bf36718-ache-f2a-print-1-0-3-package-tgz.lock
19 silly lockFile 1f1177db-tar tar://.
20 silly lockFile 1f1177db-tar tar://.
21 silly lockFile 2bf36718-ache-f2a-print-1-0-3-package-tgz tar://C:\Users\Administrator\AppData\Roaming\npm-cache\f2a_print\1.0.3\package.tgz
22 silly lockFile 2bf36718-ache-f2a-print-1-0-3-package-tgz tar://C:\Users\Administrator\AppData\Roaming\npm-cache\f2a_print\1.0.3\package.tgz
23 silly lockFile 9d74da44-pm-cache-f2a-print-1-0-3-package C:\Users\Administrator\AppData\Roaming\npm-cache\f2a_print\1.0.3\package
24 verbose lock C:\Users\Administrator\AppData\Roaming\npm-cache\f2a_print\1.0.3\package C:\Users\Administrator\AppData\Roaming\npm-cache\9d74da44-pm-cache-f2a-print-1-0-3-package.lock
25 silly lockFile 9d74da44-pm-cache-f2a-print-1-0-3-package C:\Users\Administrator\AppData\Roaming\npm-cache\f2a_print\1.0.3\package
26 silly lockFile 9d74da44-pm-cache-f2a-print-1-0-3-package C:\Users\Administrator\AppData\Roaming\npm-cache\f2a_print\1.0.3\package
27 silly lockFile 3a52ce78- .
28 silly lockFile 3a52ce78- .
29 silly publish { name: 'f2a_print',
29 silly publish   version: '1.0.3',
29 silly publish   description: 'It\'s a test for npm publish.',
29 silly publish   main: 'prints.js',
29 silly publish   scripts: { test: 'echo "Error: no test specified" && exit 1' },
29 silly publish   author: { name: 'nolest' },
29 silly publish   license: 'MIT',
29 silly publish   dependencies: { colors: '^1.1.2' },
29 silly publish   readme: 'ERROR: No README data found!',
29 silly publish   _id: 'f2a_print@1.0.3',
29 silly publish   _shasum: '6e960b46da7a8380f88a420436818a2090c177d9',
29 silly publish   _from: '.' }
30 verbose request where is /f2a_print
31 verbose request registry https://registry.npmjs.org/
32 verbose request id 00298e01e86fd3c1
33 verbose url raw /f2a_print
34 verbose url resolving [ 'https://registry.npmjs.org/', './f2a_print' ]
35 verbose url resolved https://registry.npmjs.org/f2a_print
36 verbose request where is https://registry.npmjs.org/f2a_print
37 info trying registry request attempt 1 at 15:33:49
38 http PUT https://registry.npmjs.org/f2a_print
39 http 403 https://registry.npmjs.org/f2a_print
40 verbose headers { 'content-type': 'application/json',
40 verbose headers   'cache-control': 'max-age=300',
40 verbose headers   'content-length': '95',
40 verbose headers   'accept-ranges': 'bytes',
40 verbose headers   date: 'Tue, 27 Sep 2016 07:33:52 GMT',
40 verbose headers   via: '1.1 varnish',
40 verbose headers   connection: 'keep-alive',
40 verbose headers   'x-served-by': 'cache-lcy1130-LCY',
40 verbose headers   'x-cache': 'MISS',
40 verbose headers   'x-cache-hits': '0',
40 verbose headers   'x-timer': 'S1474961631.316083,VS0,VE1255',
40 verbose headers   vary: 'Accept-Encoding' }
41 error publish Failed PUT 403
42 error Error: "You cannot publish over the previously published version 1.0.3." : f2a_print
42 error     at RegClient.<anonymous> (C:\Program Files\nodejs\node_modules\npm\node_modules\npm-registry-client\lib\request.js:308:14)
42 error     at Request._callback (C:\Program Files\nodejs\node_modules\npm\node_modules\npm-registry-client\lib\request.js:246:65)
42 error     at Request.self.callback (C:\Program Files\nodejs\node_modules\npm\node_modules\request\request.js:236:22)
42 error     at Request.emit (events.js:98:17)
42 error     at Request.<anonymous> (C:\Program Files\nodejs\node_modules\npm\node_modules\request\request.js:1142:14)
42 error     at Request.emit (events.js:117:20)
42 error     at IncomingMessage.<anonymous> (C:\Program Files\nodejs\node_modules\npm\node_modules\request\request.js:1096:12)
42 error     at IncomingMessage.emit (events.js:117:20)
42 error     at _stream_readable.js:943:16
42 error     at process._tickCallback (node.js:419:13)
43 error If you need help, you may report this *entire* log,
43 error including the npm and node versions, at:
43 error     <http://github.com/npm/npm/issues>
44 error System Windows_NT 6.1.7601
45 error command "C:\\Program Files\\nodejs\\\\node.exe" "C:\\Program Files\\nodejs\\node_modules\\npm\\bin\\npm-cli.js" "publish"
46 error cwd D:\poco\payment\modules
47 error node -v v0.10.33
48 error npm -v 1.4.28
49 verbose exit [ 1, true ]
